<?xml version="1.0" encoding="UTF-8"?>
<!-- Generated by org.testng.reporters.JUnitReportReporter -->
<testsuite hostname="DESKTOP-50HD3CM" failures="0" tests="1" name="Testngpakage.Assertiondemo1" time="12.811" errors="0" timestamp="2023-08-22T14:04:13 IST" skipped="0">
  <testcase classname="Testngpakage.Assertiondemo1" name="testMethod" time="12.811"/>
  <system-out/>
</testsuite> <!-- Testngpakage.Assertiondemo1 -->
