<?xml version="1.0" encoding="UTF-8"?>
<!-- Generated by org.testng.reporters.JUnitReportReporter -->
<testsuite hostname="DESKTOP-50HD3CM" failures="0" tests="1" name="maven_jyoti.My_maven_project.veryfyingcode_test" time="8.386" errors="0" timestamp="2023-08-22T14:04:13 IST" skipped="0">
  <testcase classname="maven_jyoti.My_maven_project.veryfyingcode_test" name="login" time="8.386"/>
  <system-out/>
</testsuite> <!-- maven_jyoti.My_maven_project.veryfyingcode_test -->
