<?xml version="1.0" encoding="UTF-8"?>
<!-- Generated by org.testng.reporters.JUnitReportReporter -->
<testsuite hostname="DESKTOP-50HD3CM" failures="0" tests="1" name="maven_jyoti.My_maven_project.VeryfyingSing_up_Page" time="20.922" errors="0" timestamp="2023-08-22T20:21:36 IST" skipped="0">
  <testcase classname="maven_jyoti.My_maven_project.VeryfyingSing_up_Page" name="Signup" time="20.922"/>
  <system-out/>
</testsuite> <!-- maven_jyoti.My_maven_project.VeryfyingSing_up_Page -->
